[2015-10-12 16:24:44] request.ERROR: Uncaught PHP Exception Symfony\Component\HttpKernel\Exception\NotFoundHttpException: "No route found for "GET /app_devphp"" at C:\xampp\htdocs\beaute\vendor\symfony\symfony\src\Symfony\Component\HttpKernel\EventListener\RouterListener.php line 159 {"exception":"[object] (Symfony\\Component\\HttpKernel\\Exception\\NotFoundHttpException(code: 0): No route found for \"GET /app_devphp\" at C:\\xampp\\htdocs\\beaute\\vendor\\symfony\\symfony\\src\\Symfony\\Component\\HttpKernel\\EventListener\\RouterListener.php:159, Symfony\\Component\\Routing\\Exception\\ResourceNotFoundException(code: 0):  at C:\\xampp\\htdocs\\beaute\\app\\cache\\prod\\appProdUrlMatcher.php:39)"} []
[2015-10-13 13:07:53] request.ERROR: Uncaught PHP Exception Symfony\Component\HttpKernel\Exception\NotFoundHttpException: "No route found for "GET /bundles/fosjsrouting/js/router.js" (from "http://localhost/beaute/web/app_dev.php/")" at C:\xampp\htdocs\beaute\app\cache\prod\classes.php line 2494 {"exception":"[object] (Symfony\\Component\\HttpKernel\\Exception\\NotFoundHttpException(code: 0): No route found for \"GET /bundles/fosjsrouting/js/router.js\" (from \"http://localhost/beaute/web/app_dev.php/\") at C:\\xampp\\htdocs\\beaute\\app\\cache\\prod\\classes.php:2494, Symfony\\Component\\Routing\\Exception\\ResourceNotFoundException(code: 0):  at C:\\xampp\\htdocs\\beaute\\app\\cache\\prod\\appProdUrlMatcher.php:39)"} []
[2015-10-13 13:09:03] request.ERROR: Uncaught PHP Exception Symfony\Component\HttpKernel\Exception\NotFoundHttpException: "No route found for "GET /bundles/fosjsrouting/js/router.js" (from "http://localhost/beaute/web/app_dev.php/")" at C:\xampp\htdocs\beaute\app\cache\prod\classes.php line 2494 {"exception":"[object] (Symfony\\Component\\HttpKernel\\Exception\\NotFoundHttpException(code: 0): No route found for \"GET /bundles/fosjsrouting/js/router.js\" (from \"http://localhost/beaute/web/app_dev.php/\") at C:\\xampp\\htdocs\\beaute\\app\\cache\\prod\\classes.php:2494, Symfony\\Component\\Routing\\Exception\\ResourceNotFoundException(code: 0):  at C:\\xampp\\htdocs\\beaute\\app\\cache\\prod\\appProdUrlMatcher.php:39)"} []
[2015-10-13 13:09:04] request.ERROR: Uncaught PHP Exception Symfony\Component\HttpKernel\Exception\NotFoundHttpException: "No route found for "GET /bundles/fosjsrouting/js/router.js" (from "http://localhost/beaute/web/app_dev.php/")" at C:\xampp\htdocs\beaute\app\cache\prod\classes.php line 2494 {"exception":"[object] (Symfony\\Component\\HttpKernel\\Exception\\NotFoundHttpException(code: 0): No route found for \"GET /bundles/fosjsrouting/js/router.js\" (from \"http://localhost/beaute/web/app_dev.php/\") at C:\\xampp\\htdocs\\beaute\\app\\cache\\prod\\classes.php:2494, Symfony\\Component\\Routing\\Exception\\ResourceNotFoundException(code: 0):  at C:\\xampp\\htdocs\\beaute\\app\\cache\\prod\\appProdUrlMatcher.php:39)"} []
[2015-10-13 16:16:35] request.ERROR: Uncaught PHP Exception Symfony\Component\HttpKernel\Exception\NotFoundHttpException: "No route found for "GET //beaute/web/uploads/csv_points_faibles" (from "http://localhost/beaute/web/app_dev.php/recherche?app_homebundle_beaute_search%5Bcategorie%5D=120&app_homebundle_beaute_search%5Bsub_categorie%5D=3&app_homebundle_beaute_search%5Bproduct_name%5D=&app_homebundle_beaute_search%5B_token%5D=-rIIIZUgLsjQRBQaAqKwj98Bh4lkAdWEgSUEMmPWv20")" at C:\xampp\htdocs\beaute\app\cache\prod\classes.php line 2494 {"exception":"[object] (Symfony\\Component\\HttpKernel\\Exception\\NotFoundHttpException(code: 0): No route found for \"GET //beaute/web/uploads/csv_points_faibles\" (from \"http://localhost/beaute/web/app_dev.php/recherche?app_homebundle_beaute_search%5Bcategorie%5D=120&app_homebundle_beaute_search%5Bsub_categorie%5D=3&app_homebundle_beaute_search%5Bproduct_name%5D=&app_homebundle_beaute_search%5B_token%5D=-rIIIZUgLsjQRBQaAqKwj98Bh4lkAdWEgSUEMmPWv20\") at C:\\xampp\\htdocs\\beaute\\app\\cache\\prod\\classes.php:2494, Symfony\\Component\\Routing\\Exception\\ResourceNotFoundException(code: 0):  at C:\\xampp\\htdocs\\beaute\\app\\cache\\prod\\appProdUrlMatcher.php:39)"} []
[2015-10-14 11:54:08] request.ERROR: Uncaught PHP Exception Symfony\Component\HttpKernel\Exception\NotFoundHttpException: "No route found for "GET /BeauteTest/login"" at /var/www/vhosts/de1466.ispfr.net/httpdocs/BeauteTest/app/cache/prod/classes.php line 5329 {"exception":"[object] (Symfony\\Component\\HttpKernel\\Exception\\NotFoundHttpException(code: 0): No route found for \"GET /BeauteTest/login\" at /var/www/vhosts/de1466.ispfr.net/httpdocs/BeauteTest/app/cache/prod/classes.php:5329, Symfony\\Component\\Routing\\Exception\\ResourceNotFoundException(code: 0):  at /var/www/vhosts/de1466.ispfr.net/httpdocs/BeauteTest/app/cache/prod/appProdUrlMatcher.php:252)"} []
[2015-10-14 11:54:08] event.DEBUG: Notified event "kernel.request" to listener "Symfony\Component\EventDispatcher\Debug\WrappedListener::__invoke". [] []
[2015-10-14 11:54:08] event.DEBUG: Notified event "kernel.request" to listener "Symfony\Component\EventDispatcher\Debug\WrappedListener::__invoke". [] []
[2015-10-14 11:54:08] event.DEBUG: Notified event "kernel.request" to listener "Symfony\Component\EventDispatcher\Debug\WrappedListener::__invoke". [] []
[2015-10-14 11:54:08] event.DEBUG: Notified event "kernel.request" to listener "Symfony\Component\EventDispatcher\Debug\WrappedListener::__invoke". [] []
[2015-10-14 11:54:08] event.DEBUG: Notified event "kernel.request" to listener "Symfony\Component\EventDispatcher\Debug\WrappedListener::__invoke". [] []
[2015-10-14 11:54:08] event.DEBUG: Notified event "kernel.request" to listener "Symfony\Component\EventDispatcher\Debug\WrappedListener::__invoke". [] []
[2015-10-14 11:54:08] event.DEBUG: Notified event "kernel.request" to listener "Symfony\Component\EventDispatcher\Debug\WrappedListener::__invoke". [] []
[2015-10-14 11:54:08] event.DEBUG: Notified event "kernel.controller" to listener "Sensio\Bundle\FrameworkExtraBundle\EventListener\ControllerListener::onKernelController". [] []
[2015-10-14 11:54:08] event.DEBUG: Notified event "kernel.controller" to listener "Sensio\Bundle\FrameworkExtraBundle\EventListener\ParamConverterListener::onKernelController". [] []
[2015-10-14 11:54:08] event.DEBUG: Notified event "kernel.controller" to listener "Sensio\Bundle\FrameworkExtraBundle\EventListener\HttpCacheListener::onKernelController". [] []
[2015-10-14 11:54:08] event.DEBUG: Notified event "kernel.controller" to listener "Sensio\Bundle\FrameworkExtraBundle\EventListener\SecurityListener::onKernelController". [] []
[2015-10-14 11:54:08] event.DEBUG: Notified event "kernel.controller" to listener "Sensio\Bundle\FrameworkExtraBundle\EventListener\TemplateListener::onKernelController". [] []
[2015-10-14 11:54:09] event.DEBUG: Notified event "kernel.response" to listener "Symfony\Component\HttpKernel\EventListener\ResponseListener::onKernelResponse". [] []
[2015-10-14 11:54:09] event.DEBUG: Notified event "kernel.response" to listener "Symfony\Component\Security\Http\RememberMe\ResponseListener::onKernelResponse". [] []
[2015-10-14 11:54:09] event.DEBUG: Notified event "kernel.response" to listener "Sensio\Bundle\FrameworkExtraBundle\EventListener\HttpCacheListener::onKernelResponse". [] []
[2015-10-14 11:54:09] event.DEBUG: Notified event "kernel.response" to listener "Symfony\Component\HttpKernel\EventListener\SaveSessionListener::onKernelResponse". [] []
[2015-10-14 11:54:09] event.DEBUG: Notified event "kernel.response" to listener "Symfony\Component\HttpKernel\EventListener\StreamedResponseListener::onKernelResponse". [] []
[2015-10-14 11:54:09] event.DEBUG: Notified event "kernel.finish_request" to listener "Symfony\Component\HttpKernel\EventListener\LocaleListener::onKernelFinishRequest". [] []
[2015-10-14 11:54:09] event.DEBUG: Notified event "kernel.finish_request" to listener "Symfony\Component\HttpKernel\EventListener\TranslatorListener::onKernelFinishRequest". [] []
[2015-10-14 11:54:09] event.DEBUG: Notified event "kernel.finish_request" to listener "Symfony\Component\HttpKernel\EventListener\RouterListener::onKernelFinishRequest". [] []
[2015-10-14 11:54:09] event.DEBUG: Notified event "kernel.finish_request" to listener "Symfony\Component\Security\Http\Firewall::onKernelFinishRequest". [] []
[2015-10-14 11:54:09] event.DEBUG: Notified event "kernel.exception" to listener "Symfony\Component\HttpKernel\EventListener\ExceptionListener::onKernelException". [] []
[2015-10-14 11:54:09] event.DEBUG: Listener "Symfony\Component\HttpKernel\EventListener\ExceptionListener::onKernelException" stopped propagation of the event "kernel.exception". [] []
[2015-10-14 11:54:09] event.DEBUG: Notified event "kernel.response" to listener "Symfony\Component\HttpKernel\EventListener\ResponseListener::onKernelResponse". [] []
[2015-10-14 11:54:09] event.DEBUG: Notified event "kernel.response" to listener "Symfony\Component\Security\Http\RememberMe\ResponseListener::onKernelResponse". [] []
[2015-10-14 11:54:09] event.DEBUG: Notified event "kernel.response" to listener "Sensio\Bundle\FrameworkExtraBundle\EventListener\HttpCacheListener::onKernelResponse". [] []
[2015-10-14 11:54:09] event.DEBUG: Notified event "kernel.response" to listener "Symfony\Component\HttpKernel\EventListener\SaveSessionListener::onKernelResponse". [] []
[2015-10-14 11:54:09] event.DEBUG: Notified event "kernel.response" to listener "Symfony\Component\HttpKernel\EventListener\StreamedResponseListener::onKernelResponse". [] []
[2015-10-14 11:54:09] event.DEBUG: Notified event "kernel.finish_request" to listener "Symfony\Component\HttpKernel\EventListener\LocaleListener::onKernelFinishRequest". [] []
[2015-10-14 11:54:09] event.DEBUG: Notified event "kernel.finish_request" to listener "Symfony\Component\HttpKernel\EventListener\TranslatorListener::onKernelFinishRequest". [] []
[2015-10-14 11:54:09] event.DEBUG: Notified event "kernel.finish_request" to listener "Symfony\Component\HttpKernel\EventListener\RouterListener::onKernelFinishRequest". [] []
[2015-10-14 11:54:09] event.DEBUG: Notified event "kernel.finish_request" to listener "Symfony\Component\Security\Http\Firewall::onKernelFinishRequest". [] []
[2015-10-14 11:54:09] event.DEBUG: Notified event "kernel.terminate" to listener "Symfony\Bundle\SwiftmailerBundle\EventListener\EmailSenderListener::onTerminate". [] []
[2015-10-14 12:07:26] request.ERROR: Uncaught PHP Exception Symfony\Component\HttpKernel\Exception\NotFoundHttpException: "No route found for "GET /BeauteTest/login"" at /var/www/vhosts/de1466.ispfr.net/httpdocs/BeauteTest/vendor/symfony/symfony/src/Symfony/Component/HttpKernel/EventListener/RouterListener.php line 159 {"exception":"[object] (Symfony\\Component\\HttpKernel\\Exception\\NotFoundHttpException(code: 0): No route found for \"GET /BeauteTest/login\" at /var/www/vhosts/de1466.ispfr.net/httpdocs/BeauteTest/vendor/symfony/symfony/src/Symfony/Component/HttpKernel/EventListener/RouterListener.php:159, Symfony\\Component\\Routing\\Exception\\ResourceNotFoundException(code: 0):  at /var/www/vhosts/de1466.ispfr.net/httpdocs/BeauteTest/app/cache/prod/appProdUrlMatcher.php:252)"} []
[2015-10-14 12:07:26] event.DEBUG: Notified event "kernel.request" to listener "Symfony\Component\EventDispatcher\Debug\WrappedListener::__invoke". [] []
[2015-10-14 12:07:26] event.DEBUG: Notified event "kernel.request" to listener "Symfony\Component\EventDispatcher\Debug\WrappedListener::__invoke". [] []
[2015-10-14 12:07:26] event.DEBUG: Notified event "kernel.request" to listener "Symfony\Component\EventDispatcher\Debug\WrappedListener::__invoke". [] []
[2015-10-14 12:07:26] event.DEBUG: Notified event "kernel.request" to listener "Symfony\Component\EventDispatcher\Debug\WrappedListener::__invoke". [] []
[2015-10-14 12:07:26] event.DEBUG: Notified event "kernel.request" to listener "Symfony\Component\EventDispatcher\Debug\WrappedListener::__invoke". [] []
[2015-10-14 12:07:26] event.DEBUG: Notified event "kernel.request" to listener "Symfony\Component\EventDispatcher\Debug\WrappedListener::__invoke". [] []
[2015-10-14 12:07:26] event.DEBUG: Notified event "kernel.request" to listener "Symfony\Component\EventDispatcher\Debug\WrappedListener::__invoke". [] []
[2015-10-14 12:07:26] event.DEBUG: Notified event "kernel.controller" to listener "Sensio\Bundle\FrameworkExtraBundle\EventListener\ControllerListener::onKernelController". [] []
[2015-10-14 12:07:26] event.DEBUG: Notified event "kernel.controller" to listener "Sensio\Bundle\FrameworkExtraBundle\EventListener\ParamConverterListener::onKernelController". [] []
[2015-10-14 12:07:26] event.DEBUG: Notified event "kernel.controller" to listener "Sensio\Bundle\FrameworkExtraBundle\EventListener\HttpCacheListener::onKernelController". [] []
[2015-10-14 12:07:26] event.DEBUG: Notified event "kernel.controller" to listener "Sensio\Bundle\FrameworkExtraBundle\EventListener\SecurityListener::onKernelController". [] []
[2015-10-14 12:07:26] event.DEBUG: Notified event "kernel.controller" to listener "Sensio\Bundle\FrameworkExtraBundle\EventListener\TemplateListener::onKernelController". [] []
[2015-10-14 12:07:26] event.DEBUG: Notified event "kernel.response" to listener "Symfony\Component\HttpKernel\EventListener\ResponseListener::onKernelResponse". [] []
[2015-10-14 12:07:26] event.DEBUG: Notified event "kernel.response" to listener "Symfony\Component\Security\Http\RememberMe\ResponseListener::onKernelResponse". [] []
[2015-10-14 12:07:26] event.DEBUG: Notified event "kernel.response" to listener "Sensio\Bundle\FrameworkExtraBundle\EventListener\HttpCacheListener::onKernelResponse". [] []
[2015-10-14 12:07:26] event.DEBUG: Notified event "kernel.response" to listener "Symfony\Component\HttpKernel\EventListener\SaveSessionListener::onKernelResponse". [] []
[2015-10-14 12:07:26] event.DEBUG: Notified event "kernel.response" to listener "Symfony\Component\HttpKernel\EventListener\StreamedResponseListener::onKernelResponse". [] []
[2015-10-14 12:07:26] event.DEBUG: Notified event "kernel.finish_request" to listener "Symfony\Component\HttpKernel\EventListener\LocaleListener::onKernelFinishRequest". [] []
[2015-10-14 12:07:26] event.DEBUG: Notified event "kernel.finish_request" to listener "Symfony\Component\HttpKernel\EventListener\TranslatorListener::onKernelFinishRequest". [] []
[2015-10-14 12:07:26] event.DEBUG: Notified event "kernel.finish_request" to listener "Symfony\Component\HttpKernel\EventListener\RouterListener::onKernelFinishRequest". [] []
[2015-10-14 12:07:26] event.DEBUG: Notified event "kernel.finish_request" to listener "Symfony\Component\Security\Http\Firewall::onKernelFinishRequest". [] []
[2015-10-14 12:07:26] event.DEBUG: Notified event "kernel.exception" to listener "Symfony\Component\HttpKernel\EventListener\ExceptionListener::onKernelException". [] []
[2015-10-14 12:07:26] event.DEBUG: Listener "Symfony\Component\HttpKernel\EventListener\ExceptionListener::onKernelException" stopped propagation of the event "kernel.exception". [] []
[2015-10-14 12:07:26] event.DEBUG: Notified event "kernel.response" to listener "Symfony\Component\HttpKernel\EventListener\ResponseListener::onKernelResponse". [] []
[2015-10-14 12:07:26] event.DEBUG: Notified event "kernel.response" to listener "Symfony\Component\Security\Http\RememberMe\ResponseListener::onKernelResponse". [] []
[2015-10-14 12:07:26] event.DEBUG: Notified event "kernel.response" to listener "Sensio\Bundle\FrameworkExtraBundle\EventListener\HttpCacheListener::onKernelResponse". [] []
[2015-10-14 12:07:26] event.DEBUG: Notified event "kernel.response" to listener "Symfony\Component\HttpKernel\EventListener\SaveSessionListener::onKernelResponse". [] []
[2015-10-14 12:07:26] event.DEBUG: Notified event "kernel.response" to listener "Symfony\Component\HttpKernel\EventListener\StreamedResponseListener::onKernelResponse". [] []
[2015-10-14 12:07:26] event.DEBUG: Notified event "kernel.finish_request" to listener "Symfony\Component\HttpKernel\EventListener\LocaleListener::onKernelFinishRequest". [] []
[2015-10-14 12:07:26] event.DEBUG: Notified event "kernel.finish_request" to listener "Symfony\Component\HttpKernel\EventListener\TranslatorListener::onKernelFinishRequest". [] []
[2015-10-14 12:07:26] event.DEBUG: Notified event "kernel.finish_request" to listener "Symfony\Component\HttpKernel\EventListener\RouterListener::onKernelFinishRequest". [] []
[2015-10-14 12:07:26] event.DEBUG: Notified event "kernel.finish_request" to listener "Symfony\Component\Security\Http\Firewall::onKernelFinishRequest". [] []
[2015-10-14 12:07:26] event.DEBUG: Notified event "kernel.terminate" to listener "Symfony\Bundle\SwiftmailerBundle\EventListener\EmailSenderListener::onTerminate". [] []
[2015-10-14 12:38:34] request.ERROR: Uncaught PHP Exception Symfony\Component\HttpKernel\Exception\NotFoundHttpException: "No route found for "GET /BeauteTest/login"" at /var/www/vhosts/de1466.ispfr.net/httpdocs/BeauteTest/app/cache/prod/classes.php line 2494 {"exception":"[object] (Symfony\\Component\\HttpKernel\\Exception\\NotFoundHttpException(code: 0): No route found for \"GET /BeauteTest/login\" at /var/www/vhosts/de1466.ispfr.net/httpdocs/BeauteTest/app/cache/prod/classes.php:2494, Symfony\\Component\\Routing\\Exception\\ResourceNotFoundException(code: 0):  at /var/www/vhosts/de1466.ispfr.net/httpdocs/BeauteTest/app/cache/prod/appProdUrlMatcher.php:252)"} []
[2015-10-14 12:38:34] event.DEBUG: Notified event "kernel.request" to listener "Symfony\Component\EventDispatcher\Debug\WrappedListener::__invoke". [] []
[2015-10-14 12:38:34] event.DEBUG: Notified event "kernel.request" to listener "Symfony\Component\EventDispatcher\Debug\WrappedListener::__invoke". [] []
[2015-10-14 12:38:34] event.DEBUG: Notified event "kernel.request" to listener "Symfony\Component\EventDispatcher\Debug\WrappedListener::__invoke". [] []
[2015-10-14 12:38:34] event.DEBUG: Notified event "kernel.request" to listener "Symfony\Component\EventDispatcher\Debug\WrappedListener::__invoke". [] []
[2015-10-14 12:38:34] event.DEBUG: Notified event "kernel.request" to listener "Symfony\Component\EventDispatcher\Debug\WrappedListener::__invoke". [] []
[2015-10-14 12:38:34] event.DEBUG: Notified event "kernel.request" to listener "Symfony\Component\EventDispatcher\Debug\WrappedListener::__invoke". [] []
[2015-10-14 12:38:34] event.DEBUG: Notified event "kernel.request" to listener "Symfony\Component\EventDispatcher\Debug\WrappedListener::__invoke". [] []
[2015-10-14 12:38:34] event.DEBUG: Notified event "kernel.controller" to listener "Sensio\Bundle\FrameworkExtraBundle\EventListener\ControllerListener::onKernelController". [] []
[2015-10-14 12:38:34] event.DEBUG: Notified event "kernel.controller" to listener "Sensio\Bundle\FrameworkExtraBundle\EventListener\ParamConverterListener::onKernelController". [] []
[2015-10-14 12:38:34] event.DEBUG: Notified event "kernel.controller" to listener "Sensio\Bundle\FrameworkExtraBundle\EventListener\HttpCacheListener::onKernelController". [] []
[2015-10-14 12:38:34] event.DEBUG: Notified event "kernel.controller" to listener "Sensio\Bundle\FrameworkExtraBundle\EventListener\SecurityListener::onKernelController". [] []
[2015-10-14 12:38:34] event.DEBUG: Notified event "kernel.controller" to listener "Sensio\Bundle\FrameworkExtraBundle\EventListener\TemplateListener::onKernelController". [] []
[2015-10-14 12:38:35] event.DEBUG: Notified event "kernel.response" to listener "Symfony\Component\HttpKernel\EventListener\ResponseListener::onKernelResponse". [] []
[2015-10-14 12:38:35] event.DEBUG: Notified event "kernel.response" to listener "Symfony\Component\Security\Http\RememberMe\ResponseListener::onKernelResponse". [] []
[2015-10-14 12:38:35] event.DEBUG: Notified event "kernel.response" to listener "Sensio\Bundle\FrameworkExtraBundle\EventListener\HttpCacheListener::onKernelResponse". [] []
[2015-10-14 12:38:35] event.DEBUG: Notified event "kernel.response" to listener "Symfony\Component\HttpKernel\EventListener\SaveSessionListener::onKernelResponse". [] []
[2015-10-14 12:38:35] event.DEBUG: Notified event "kernel.response" to listener "Symfony\Component\HttpKernel\EventListener\StreamedResponseListener::onKernelResponse". [] []
[2015-10-14 12:38:35] event.DEBUG: Notified event "kernel.finish_request" to listener "Symfony\Component\HttpKernel\EventListener\LocaleListener::onKernelFinishRequest". [] []
[2015-10-14 12:38:35] event.DEBUG: Notified event "kernel.finish_request" to listener "Symfony\Component\HttpKernel\EventListener\TranslatorListener::onKernelFinishRequest". [] []
[2015-10-14 12:38:35] event.DEBUG: Notified event "kernel.finish_request" to listener "Symfony\Component\HttpKernel\EventListener\RouterListener::onKernelFinishRequest". [] []
[2015-10-14 12:38:35] event.DEBUG: Notified event "kernel.finish_request" to listener "Symfony\Component\Security\Http\Firewall::onKernelFinishRequest". [] []
[2015-10-14 12:38:35] event.DEBUG: Notified event "kernel.exception" to listener "Symfony\Component\HttpKernel\EventListener\ExceptionListener::onKernelException". [] []
[2015-10-14 12:38:35] event.DEBUG: Listener "Symfony\Component\HttpKernel\EventListener\ExceptionListener::onKernelException" stopped propagation of the event "kernel.exception". [] []
[2015-10-14 12:38:35] event.DEBUG: Notified event "kernel.response" to listener "Symfony\Component\HttpKernel\EventListener\ResponseListener::onKernelResponse". [] []
[2015-10-14 12:38:35] event.DEBUG: Notified event "kernel.response" to listener "Symfony\Component\Security\Http\RememberMe\ResponseListener::onKernelResponse". [] []
[2015-10-14 12:38:35] event.DEBUG: Notified event "kernel.response" to listener "Sensio\Bundle\FrameworkExtraBundle\EventListener\HttpCacheListener::onKernelResponse". [] []
[2015-10-14 12:38:35] event.DEBUG: Notified event "kernel.response" to listener "Symfony\Component\HttpKernel\EventListener\SaveSessionListener::onKernelResponse". [] []
[2015-10-14 12:38:35] event.DEBUG: Notified event "kernel.response" to listener "Symfony\Component\HttpKernel\EventListener\StreamedResponseListener::onKernelResponse". [] []
[2015-10-14 12:38:35] event.DEBUG: Notified event "kernel.finish_request" to listener "Symfony\Component\HttpKernel\EventListener\LocaleListener::onKernelFinishRequest". [] []
[2015-10-14 12:38:35] event.DEBUG: Notified event "kernel.finish_request" to listener "Symfony\Component\HttpKernel\EventListener\TranslatorListener::onKernelFinishRequest". [] []
[2015-10-14 12:38:35] event.DEBUG: Notified event "kernel.finish_request" to listener "Symfony\Component\HttpKernel\EventListener\RouterListener::onKernelFinishRequest". [] []
[2015-10-14 12:38:35] event.DEBUG: Notified event "kernel.finish_request" to listener "Symfony\Component\Security\Http\Firewall::onKernelFinishRequest". [] []
[2015-10-14 12:38:35] event.DEBUG: Notified event "kernel.terminate" to listener "Symfony\Bundle\SwiftmailerBundle\EventListener\EmailSenderListener::onTerminate". [] []
[2015-10-14 12:39:21] request.ERROR: Uncaught PHP Exception Symfony\Component\HttpKernel\Exception\NotFoundHttpException: "No route found for "GET /BeauteTest/"" at /var/www/vhosts/de1466.ispfr.net/httpdocs/BeauteTest/app/cache/prod/classes.php line 2494 {"exception":"[object] (Symfony\\Component\\HttpKernel\\Exception\\NotFoundHttpException(code: 0): No route found for \"GET /BeauteTest/\" at /var/www/vhosts/de1466.ispfr.net/httpdocs/BeauteTest/app/cache/prod/classes.php:2494, Symfony\\Component\\Routing\\Exception\\ResourceNotFoundException(code: 0):  at /var/www/vhosts/de1466.ispfr.net/httpdocs/BeauteTest/app/cache/prod/appProdUrlMatcher.php:252)"} []
[2015-10-14 12:39:21] event.DEBUG: Notified event "kernel.request" to listener "Symfony\Component\EventDispatcher\Debug\WrappedListener::__invoke". [] []
[2015-10-14 12:39:21] event.DEBUG: Notified event "kernel.request" to listener "Symfony\Component\EventDispatcher\Debug\WrappedListener::__invoke". [] []
[2015-10-14 12:39:21] event.DEBUG: Notified event "kernel.request" to listener "Symfony\Component\EventDispatcher\Debug\WrappedListener::__invoke". [] []
[2015-10-14 12:39:21] event.DEBUG: Notified event "kernel.request" to listener "Symfony\Component\EventDispatcher\Debug\WrappedListener::__invoke". [] []
[2015-10-14 12:39:21] event.DEBUG: Notified event "kernel.request" to listener "Symfony\Component\EventDispatcher\Debug\WrappedListener::__invoke". [] []
[2015-10-14 12:39:21] event.DEBUG: Notified event "kernel.request" to listener "Symfony\Component\EventDispatcher\Debug\WrappedListener::__invoke". [] []
[2015-10-14 12:39:21] event.DEBUG: Notified event "kernel.request" to listener "Symfony\Component\EventDispatcher\Debug\WrappedListener::__invoke". [] []
[2015-10-14 12:39:21] event.DEBUG: Notified event "kernel.controller" to listener "Sensio\Bundle\FrameworkExtraBundle\EventListener\ControllerListener::onKernelController". [] []
[2015-10-14 12:39:21] event.DEBUG: Notified event "kernel.controller" to listener "Sensio\Bundle\FrameworkExtraBundle\EventListener\ParamConverterListener::onKernelController". [] []
[2015-10-14 12:39:21] event.DEBUG: Notified event "kernel.controller" to listener "Sensio\Bundle\FrameworkExtraBundle\EventListener\HttpCacheListener::onKernelController". [] []
[2015-10-14 12:39:21] event.DEBUG: Notified event "kernel.controller" to listener "Sensio\Bundle\FrameworkExtraBundle\EventListener\SecurityListener::onKernelController". [] []
[2015-10-14 12:39:21] event.DEBUG: Notified event "kernel.controller" to listener "Sensio\Bundle\FrameworkExtraBundle\EventListener\TemplateListener::onKernelController". [] []
[2015-10-14 12:39:21] event.DEBUG: Notified event "kernel.response" to listener "Symfony\Component\HttpKernel\EventListener\ResponseListener::onKernelResponse". [] []
[2015-10-14 12:39:21] event.DEBUG: Notified event "kernel.response" to listener "Symfony\Component\Security\Http\RememberMe\ResponseListener::onKernelResponse". [] []
[2015-10-14 12:39:21] event.DEBUG: Notified event "kernel.response" to listener "Sensio\Bundle\FrameworkExtraBundle\EventListener\HttpCacheListener::onKernelResponse". [] []
[2015-10-14 12:39:21] event.DEBUG: Notified event "kernel.response" to listener "Symfony\Component\HttpKernel\EventListener\SaveSessionListener::onKernelResponse". [] []
[2015-10-14 12:39:21] event.DEBUG: Notified event "kernel.response" to listener "Symfony\Component\HttpKernel\EventListener\StreamedResponseListener::onKernelResponse". [] []
[2015-10-14 12:39:21] event.DEBUG: Notified event "kernel.finish_request" to listener "Symfony\Component\HttpKernel\EventListener\LocaleListener::onKernelFinishRequest". [] []
[2015-10-14 12:39:21] event.DEBUG: Notified event "kernel.finish_request" to listener "Symfony\Component\HttpKernel\EventListener\TranslatorListener::onKernelFinishRequest". [] []
[2015-10-14 12:39:21] event.DEBUG: Notified event "kernel.finish_request" to listener "Symfony\Component\HttpKernel\EventListener\RouterListener::onKernelFinishRequest". [] []
[2015-10-14 12:39:21] event.DEBUG: Notified event "kernel.finish_request" to listener "Symfony\Component\Security\Http\Firewall::onKernelFinishRequest". [] []
[2015-10-14 12:39:21] event.DEBUG: Notified event "kernel.exception" to listener "Symfony\Component\HttpKernel\EventListener\ExceptionListener::onKernelException". [] []
[2015-10-14 12:39:21] event.DEBUG: Listener "Symfony\Component\HttpKernel\EventListener\ExceptionListener::onKernelException" stopped propagation of the event "kernel.exception". [] []
[2015-10-14 12:39:21] event.DEBUG: Notified event "kernel.response" to listener "Symfony\Component\HttpKernel\EventListener\ResponseListener::onKernelResponse". [] []
[2015-10-14 12:39:21] event.DEBUG: Notified event "kernel.response" to listener "Symfony\Component\Security\Http\RememberMe\ResponseListener::onKernelResponse". [] []
[2015-10-14 12:39:21] event.DEBUG: Notified event "kernel.response" to listener "Sensio\Bundle\FrameworkExtraBundle\EventListener\HttpCacheListener::onKernelResponse". [] []
[2015-10-14 12:39:21] event.DEBUG: Notified event "kernel.response" to listener "Symfony\Component\HttpKernel\EventListener\SaveSessionListener::onKernelResponse". [] []
[2015-10-14 12:39:21] event.DEBUG: Notified event "kernel.response" to listener "Symfony\Component\HttpKernel\EventListener\StreamedResponseListener::onKernelResponse". [] []
[2015-10-14 12:39:21] event.DEBUG: Notified event "kernel.finish_request" to listener "Symfony\Component\HttpKernel\EventListener\LocaleListener::onKernelFinishRequest". [] []
[2015-10-14 12:39:21] event.DEBUG: Notified event "kernel.finish_request" to listener "Symfony\Component\HttpKernel\EventListener\TranslatorListener::onKernelFinishRequest". [] []
[2015-10-14 12:39:21] event.DEBUG: Notified event "kernel.finish_request" to listener "Symfony\Component\HttpKernel\EventListener\RouterListener::onKernelFinishRequest". [] []
[2015-10-14 12:39:21] event.DEBUG: Notified event "kernel.finish_request" to listener "Symfony\Component\Security\Http\Firewall::onKernelFinishRequest". [] []
[2015-10-14 12:39:21] event.DEBUG: Notified event "kernel.terminate" to listener "Symfony\Bundle\SwiftmailerBundle\EventListener\EmailSenderListener::onTerminate". [] []
[2015-10-14 12:41:18] request.ERROR: Uncaught PHP Exception Symfony\Component\HttpKernel\Exception\NotFoundHttpException: "No route found for "GET /BeauteTest/"" at /var/www/vhosts/de1466.ispfr.net/httpdocs/BeauteTest/app/cache/prod/classes.php line 2494 {"exception":"[object] (Symfony\\Component\\HttpKernel\\Exception\\NotFoundHttpException(code: 0): No route found for \"GET /BeauteTest/\" at /var/www/vhosts/de1466.ispfr.net/httpdocs/BeauteTest/app/cache/prod/classes.php:2494, Symfony\\Component\\Routing\\Exception\\ResourceNotFoundException(code: 0):  at /var/www/vhosts/de1466.ispfr.net/httpdocs/BeauteTest/app/cache/prod/appProdUrlMatcher.php:252)"} []
[2015-10-14 12:41:18] event.DEBUG: Notified event "kernel.request" to listener "Symfony\Component\EventDispatcher\Debug\WrappedListener::__invoke". [] []
[2015-10-14 12:41:18] event.DEBUG: Notified event "kernel.request" to listener "Symfony\Component\EventDispatcher\Debug\WrappedListener::__invoke". [] []
[2015-10-14 12:41:18] event.DEBUG: Notified event "kernel.request" to listener "Symfony\Component\EventDispatcher\Debug\WrappedListener::__invoke". [] []
[2015-10-14 12:41:18] event.DEBUG: Notified event "kernel.request" to listener "Symfony\Component\EventDispatcher\Debug\WrappedListener::__invoke". [] []
[2015-10-14 12:41:18] event.DEBUG: Notified event "kernel.request" to listener "Symfony\Component\EventDispatcher\Debug\WrappedListener::__invoke". [] []
[2015-10-14 12:41:18] event.DEBUG: Notified event "kernel.request" to listener "Symfony\Component\EventDispatcher\Debug\WrappedListener::__invoke". [] []
[2015-10-14 12:41:18] event.DEBUG: Notified event "kernel.request" to listener "Symfony\Component\EventDispatcher\Debug\WrappedListener::__invoke". [] []
[2015-10-14 12:41:19] event.DEBUG: Notified event "kernel.controller" to listener "Sensio\Bundle\FrameworkExtraBundle\EventListener\ControllerListener::onKernelController". [] []
[2015-10-14 12:41:19] event.DEBUG: Notified event "kernel.controller" to listener "Sensio\Bundle\FrameworkExtraBundle\EventListener\ParamConverterListener::onKernelController". [] []
[2015-10-14 12:41:19] event.DEBUG: Notified event "kernel.controller" to listener "Sensio\Bundle\FrameworkExtraBundle\EventListener\HttpCacheListener::onKernelController". [] []
[2015-10-14 12:41:19] event.DEBUG: Notified event "kernel.controller" to listener "Sensio\Bundle\FrameworkExtraBundle\EventListener\SecurityListener::onKernelController". [] []
[2015-10-14 12:41:19] event.DEBUG: Notified event "kernel.controller" to listener "Sensio\Bundle\FrameworkExtraBundle\EventListener\TemplateListener::onKernelController". [] []
[2015-10-14 12:41:19] event.DEBUG: Notified event "kernel.response" to listener "Symfony\Component\HttpKernel\EventListener\ResponseListener::onKernelResponse". [] []
[2015-10-14 12:41:19] event.DEBUG: Notified event "kernel.response" to listener "Symfony\Component\Security\Http\RememberMe\ResponseListener::onKernelResponse". [] []
[2015-10-14 12:41:19] event.DEBUG: Notified event "kernel.response" to listener "Sensio\Bundle\FrameworkExtraBundle\EventListener\HttpCacheListener::onKernelResponse". [] []
[2015-10-14 12:41:19] event.DEBUG: Notified event "kernel.response" to listener "Symfony\Component\HttpKernel\EventListener\SaveSessionListener::onKernelResponse". [] []
[2015-10-14 12:41:19] event.DEBUG: Notified event "kernel.response" to listener "Symfony\Component\HttpKernel\EventListener\StreamedResponseListener::onKernelResponse". [] []
[2015-10-14 12:41:19] event.DEBUG: Notified event "kernel.finish_request" to listener "Symfony\Component\HttpKernel\EventListener\LocaleListener::onKernelFinishRequest". [] []
[2015-10-14 12:41:19] event.DEBUG: Notified event "kernel.finish_request" to listener "Symfony\Component\HttpKernel\EventListener\TranslatorListener::onKernelFinishRequest". [] []
[2015-10-14 12:41:19] event.DEBUG: Notified event "kernel.finish_request" to listener "Symfony\Component\HttpKernel\EventListener\RouterListener::onKernelFinishRequest". [] []
[2015-10-14 12:41:19] event.DEBUG: Notified event "kernel.finish_request" to listener "Symfony\Component\Security\Http\Firewall::onKernelFinishRequest". [] []
[2015-10-14 12:41:19] event.DEBUG: Notified event "kernel.exception" to listener "Symfony\Component\HttpKernel\EventListener\ExceptionListener::onKernelException". [] []
[2015-10-14 12:41:19] event.DEBUG: Listener "Symfony\Component\HttpKernel\EventListener\ExceptionListener::onKernelException" stopped propagation of the event "kernel.exception". [] []
[2015-10-14 12:41:19] event.DEBUG: Notified event "kernel.response" to listener "Symfony\Component\HttpKernel\EventListener\ResponseListener::onKernelResponse". [] []
[2015-10-14 12:41:19] event.DEBUG: Notified event "kernel.response" to listener "Symfony\Component\Security\Http\RememberMe\ResponseListener::onKernelResponse". [] []
[2015-10-14 12:41:19] event.DEBUG: Notified event "kernel.response" to listener "Sensio\Bundle\FrameworkExtraBundle\EventListener\HttpCacheListener::onKernelResponse". [] []
[2015-10-14 12:41:19] event.DEBUG: Notified event "kernel.response" to listener "Symfony\Component\HttpKernel\EventListener\SaveSessionListener::onKernelResponse". [] []
[2015-10-14 12:41:19] event.DEBUG: Notified event "kernel.response" to listener "Symfony\Component\HttpKernel\EventListener\StreamedResponseListener::onKernelResponse". [] []
[2015-10-14 12:41:19] event.DEBUG: Notified event "kernel.finish_request" to listener "Symfony\Component\HttpKernel\EventListener\LocaleListener::onKernelFinishRequest". [] []
[2015-10-14 12:41:19] event.DEBUG: Notified event "kernel.finish_request" to listener "Symfony\Component\HttpKernel\EventListener\TranslatorListener::onKernelFinishRequest". [] []
[2015-10-14 12:41:19] event.DEBUG: Notified event "kernel.finish_request" to listener "Symfony\Component\HttpKernel\EventListener\RouterListener::onKernelFinishRequest". [] []
[2015-10-14 12:41:19] event.DEBUG: Notified event "kernel.finish_request" to listener "Symfony\Component\Security\Http\Firewall::onKernelFinishRequest". [] []
[2015-10-14 12:41:19] event.DEBUG: Notified event "kernel.terminate" to listener "Symfony\Bundle\SwiftmailerBundle\EventListener\EmailSenderListener::onTerminate". [] []
[2015-10-14 12:42:05] request.ERROR: Uncaught PHP Exception Symfony\Component\HttpKernel\Exception\NotFoundHttpException: "No route found for "GET /BeauteTest/"" at /var/www/vhosts/de1466.ispfr.net/httpdocs/BeauteTest/app/cache/prod/classes.php line 2494 {"exception":"[object] (Symfony\\Component\\HttpKernel\\Exception\\NotFoundHttpException(code: 0): No route found for \"GET /BeauteTest/\" at /var/www/vhosts/de1466.ispfr.net/httpdocs/BeauteTest/app/cache/prod/classes.php:2494, Symfony\\Component\\Routing\\Exception\\ResourceNotFoundException(code: 0):  at /var/www/vhosts/de1466.ispfr.net/httpdocs/BeauteTest/app/cache/prod/appProdUrlMatcher.php:252)"} []
[2015-10-14 12:42:05] event.DEBUG: Notified event "kernel.request" to listener "Symfony\Component\EventDispatcher\Debug\WrappedListener::__invoke". [] []
[2015-10-14 12:42:05] event.DEBUG: Notified event "kernel.request" to listener "Symfony\Component\EventDispatcher\Debug\WrappedListener::__invoke". [] []
[2015-10-14 12:42:05] event.DEBUG: Notified event "kernel.request" to listener "Symfony\Component\EventDispatcher\Debug\WrappedListener::__invoke". [] []
[2015-10-14 12:42:05] event.DEBUG: Notified event "kernel.request" to listener "Symfony\Component\EventDispatcher\Debug\WrappedListener::__invoke". [] []
[2015-10-14 12:42:05] event.DEBUG: Notified event "kernel.request" to listener "Symfony\Component\EventDispatcher\Debug\WrappedListener::__invoke". [] []
[2015-10-14 12:42:05] event.DEBUG: Notified event "kernel.request" to listener "Symfony\Component\EventDispatcher\Debug\WrappedListener::__invoke". [] []
[2015-10-14 12:42:05] event.DEBUG: Notified event "kernel.request" to listener "Symfony\Component\EventDispatcher\Debug\WrappedListener::__invoke". [] []
[2015-10-14 12:42:05] event.DEBUG: Notified event "kernel.controller" to listener "Sensio\Bundle\FrameworkExtraBundle\EventListener\ControllerListener::onKernelController". [] []
[2015-10-14 12:42:05] event.DEBUG: Notified event "kernel.controller" to listener "Sensio\Bundle\FrameworkExtraBundle\EventListener\ParamConverterListener::onKernelController". [] []
[2015-10-14 12:42:05] event.DEBUG: Notified event "kernel.controller" to listener "Sensio\Bundle\FrameworkExtraBundle\EventListener\HttpCacheListener::onKernelController". [] []
[2015-10-14 12:42:05] event.DEBUG: Notified event "kernel.controller" to listener "Sensio\Bundle\FrameworkExtraBundle\EventListener\SecurityListener::onKernelController". [] []
[2015-10-14 12:42:05] event.DEBUG: Notified event "kernel.controller" to listener "Sensio\Bundle\FrameworkExtraBundle\EventListener\TemplateListener::onKernelController". [] []
[2015-10-14 12:42:06] event.DEBUG: Notified event "kernel.response" to listener "Symfony\Component\HttpKernel\EventListener\ResponseListener::onKernelResponse". [] []
[2015-10-14 12:42:06] event.DEBUG: Notified event "kernel.response" to listener "Symfony\Component\Security\Http\RememberMe\ResponseListener::onKernelResponse". [] []
[2015-10-14 12:42:06] event.DEBUG: Notified event "kernel.response" to listener "Sensio\Bundle\FrameworkExtraBundle\EventListener\HttpCacheListener::onKernelResponse". [] []
[2015-10-14 12:42:06] event.DEBUG: Notified event "kernel.response" to listener "Symfony\Component\HttpKernel\EventListener\SaveSessionListener::onKernelResponse". [] []
[2015-10-14 12:42:06] event.DEBUG: Notified event "kernel.response" to listener "Symfony\Component\HttpKernel\EventListener\StreamedResponseListener::onKernelResponse". [] []
[2015-10-14 12:42:06] event.DEBUG: Notified event "kernel.finish_request" to listener "Symfony\Component\HttpKernel\EventListener\LocaleListener::onKernelFinishRequest". [] []
[2015-10-14 12:42:06] event.DEBUG: Notified event "kernel.finish_request" to listener "Symfony\Component\HttpKernel\EventListener\TranslatorListener::onKernelFinishRequest". [] []
[2015-10-14 12:42:06] event.DEBUG: Notified event "kernel.finish_request" to listener "Symfony\Component\HttpKernel\EventListener\RouterListener::onKernelFinishRequest". [] []
[2015-10-14 12:42:06] event.DEBUG: Notified event "kernel.finish_request" to listener "Symfony\Component\Security\Http\Firewall::onKernelFinishRequest". [] []
[2015-10-14 12:42:06] event.DEBUG: Notified event "kernel.exception" to listener "Symfony\Component\HttpKernel\EventListener\ExceptionListener::onKernelException". [] []
[2015-10-14 12:42:06] event.DEBUG: Listener "Symfony\Component\HttpKernel\EventListener\ExceptionListener::onKernelException" stopped propagation of the event "kernel.exception". [] []
[2015-10-14 12:42:06] event.DEBUG: Notified event "kernel.response" to listener "Symfony\Component\HttpKernel\EventListener\ResponseListener::onKernelResponse". [] []
[2015-10-14 12:42:06] event.DEBUG: Notified event "kernel.response" to listener "Symfony\Component\Security\Http\RememberMe\ResponseListener::onKernelResponse". [] []
[2015-10-14 12:42:06] event.DEBUG: Notified event "kernel.response" to listener "Sensio\Bundle\FrameworkExtraBundle\EventListener\HttpCacheListener::onKernelResponse". [] []
[2015-10-14 12:42:06] event.DEBUG: Notified event "kernel.response" to listener "Symfony\Component\HttpKernel\EventListener\SaveSessionListener::onKernelResponse". [] []
[2015-10-14 12:42:06] event.DEBUG: Notified event "kernel.response" to listener "Symfony\Component\HttpKernel\EventListener\StreamedResponseListener::onKernelResponse". [] []
[2015-10-14 12:42:06] event.DEBUG: Notified event "kernel.finish_request" to listener "Symfony\Component\HttpKernel\EventListener\LocaleListener::onKernelFinishRequest". [] []
[2015-10-14 12:42:06] event.DEBUG: Notified event "kernel.finish_request" to listener "Symfony\Component\HttpKernel\EventListener\TranslatorListener::onKernelFinishRequest". [] []
[2015-10-14 12:42:06] event.DEBUG: Notified event "kernel.finish_request" to listener "Symfony\Component\HttpKernel\EventListener\RouterListener::onKernelFinishRequest". [] []
[2015-10-14 12:42:06] event.DEBUG: Notified event "kernel.finish_request" to listener "Symfony\Component\Security\Http\Firewall::onKernelFinishRequest". [] []
[2015-10-14 12:42:06] event.DEBUG: Notified event "kernel.terminate" to listener "Symfony\Bundle\SwiftmailerBundle\EventListener\EmailSenderListener::onTerminate". [] []
[2015-10-14 12:45:43] request.ERROR: Uncaught PHP Exception Symfony\Component\HttpKernel\Exception\NotFoundHttpException: "No route found for "GET /BeauteTest/"" at /var/www/vhosts/de1466.ispfr.net/httpdocs/BeauteTest/app/cache/prod/classes.php line 2494 {"exception":"[object] (Symfony\\Component\\HttpKernel\\Exception\\NotFoundHttpException(code: 0): No route found for \"GET /BeauteTest/\" at /var/www/vhosts/de1466.ispfr.net/httpdocs/BeauteTest/app/cache/prod/classes.php:2494, Symfony\\Component\\Routing\\Exception\\ResourceNotFoundException(code: 0):  at /var/www/vhosts/de1466.ispfr.net/httpdocs/BeauteTest/app/cache/prod/appProdUrlMatcher.php:252)"} []
[2015-10-14 12:45:43] event.DEBUG: Notified event "kernel.request" to listener "Symfony\Component\EventDispatcher\Debug\WrappedListener::__invoke". [] []
[2015-10-14 12:45:43] event.DEBUG: Notified event "kernel.request" to listener "Symfony\Component\EventDispatcher\Debug\WrappedListener::__invoke". [] []
[2015-10-14 12:45:43] event.DEBUG: Notified event "kernel.request" to listener "Symfony\Component\EventDispatcher\Debug\WrappedListener::__invoke". [] []
[2015-10-14 12:45:43] event.DEBUG: Notified event "kernel.request" to listener "Symfony\Component\EventDispatcher\Debug\WrappedListener::__invoke". [] []
[2015-10-14 12:45:43] event.DEBUG: Notified event "kernel.request" to listener "Symfony\Component\EventDispatcher\Debug\WrappedListener::__invoke". [] []
[2015-10-14 12:45:43] event.DEBUG: Notified event "kernel.request" to listener "Symfony\Component\EventDispatcher\Debug\WrappedListener::__invoke". [] []
[2015-10-14 12:45:43] event.DEBUG: Notified event "kernel.request" to listener "Symfony\Component\EventDispatcher\Debug\WrappedListener::__invoke". [] []
[2015-10-14 12:45:43] event.DEBUG: Notified event "kernel.controller" to listener "Sensio\Bundle\FrameworkExtraBundle\EventListener\ControllerListener::onKernelController". [] []
[2015-10-14 12:45:43] event.DEBUG: Notified event "kernel.controller" to listener "Sensio\Bundle\FrameworkExtraBundle\EventListener\ParamConverterListener::onKernelController". [] []
[2015-10-14 12:45:43] event.DEBUG: Notified event "kernel.controller" to listener "Sensio\Bundle\FrameworkExtraBundle\EventListener\HttpCacheListener::onKernelController". [] []
[2015-10-14 12:45:43] event.DEBUG: Notified event "kernel.controller" to listener "Sensio\Bundle\FrameworkExtraBundle\EventListener\SecurityListener::onKernelController". [] []
[2015-10-14 12:45:43] event.DEBUG: Notified event "kernel.controller" to listener "Sensio\Bundle\FrameworkExtraBundle\EventListener\TemplateListener::onKernelController". [] []
[2015-10-14 12:45:44] event.DEBUG: Notified event "kernel.response" to listener "Symfony\Component\HttpKernel\EventListener\ResponseListener::onKernelResponse". [] []
[2015-10-14 12:45:44] event.DEBUG: Notified event "kernel.response" to listener "Symfony\Component\Security\Http\RememberMe\ResponseListener::onKernelResponse". [] []
[2015-10-14 12:45:44] event.DEBUG: Notified event "kernel.response" to listener "Sensio\Bundle\FrameworkExtraBundle\EventListener\HttpCacheListener::onKernelResponse". [] []
[2015-10-14 12:45:44] event.DEBUG: Notified event "kernel.response" to listener "Symfony\Component\HttpKernel\EventListener\SaveSessionListener::onKernelResponse". [] []
[2015-10-14 12:45:44] event.DEBUG: Notified event "kernel.response" to listener "Symfony\Component\HttpKernel\EventListener\StreamedResponseListener::onKernelResponse". [] []
[2015-10-14 12:45:44] event.DEBUG: Notified event "kernel.finish_request" to listener "Symfony\Component\HttpKernel\EventListener\LocaleListener::onKernelFinishRequest". [] []
[2015-10-14 12:45:44] event.DEBUG: Notified event "kernel.finish_request" to listener "Symfony\Component\HttpKernel\EventListener\TranslatorListener::onKernelFinishRequest". [] []
[2015-10-14 12:45:44] event.DEBUG: Notified event "kernel.finish_request" to listener "Symfony\Component\HttpKernel\EventListener\RouterListener::onKernelFinishRequest". [] []
[2015-10-14 12:45:44] event.DEBUG: Notified event "kernel.finish_request" to listener "Symfony\Component\Security\Http\Firewall::onKernelFinishRequest". [] []
[2015-10-14 12:45:44] event.DEBUG: Notified event "kernel.exception" to listener "Symfony\Component\HttpKernel\EventListener\ExceptionListener::onKernelException". [] []
[2015-10-14 12:45:44] event.DEBUG: Listener "Symfony\Component\HttpKernel\EventListener\ExceptionListener::onKernelException" stopped propagation of the event "kernel.exception". [] []
[2015-10-14 12:45:44] event.DEBUG: Notified event "kernel.response" to listener "Symfony\Component\HttpKernel\EventListener\ResponseListener::onKernelResponse". [] []
[2015-10-14 12:45:44] event.DEBUG: Notified event "kernel.response" to listener "Symfony\Component\Security\Http\RememberMe\ResponseListener::onKernelResponse". [] []
[2015-10-14 12:45:44] event.DEBUG: Notified event "kernel.response" to listener "Sensio\Bundle\FrameworkExtraBundle\EventListener\HttpCacheListener::onKernelResponse". [] []
[2015-10-14 12:45:44] event.DEBUG: Notified event "kernel.response" to listener "Symfony\Component\HttpKernel\EventListener\SaveSessionListener::onKernelResponse". [] []
[2015-10-14 12:45:44] event.DEBUG: Notified event "kernel.response" to listener "Symfony\Component\HttpKernel\EventListener\StreamedResponseListener::onKernelResponse". [] []
[2015-10-14 12:45:44] event.DEBUG: Notified event "kernel.finish_request" to listener "Symfony\Component\HttpKernel\EventListener\LocaleListener::onKernelFinishRequest". [] []
[2015-10-14 12:45:44] event.DEBUG: Notified event "kernel.finish_request" to listener "Symfony\Component\HttpKernel\EventListener\TranslatorListener::onKernelFinishRequest". [] []
[2015-10-14 12:45:44] event.DEBUG: Notified event "kernel.finish_request" to listener "Symfony\Component\HttpKernel\EventListener\RouterListener::onKernelFinishRequest". [] []
[2015-10-14 12:45:44] event.DEBUG: Notified event "kernel.finish_request" to listener "Symfony\Component\Security\Http\Firewall::onKernelFinishRequest". [] []
[2015-10-14 12:45:44] event.DEBUG: Notified event "kernel.terminate" to listener "Symfony\Bundle\SwiftmailerBundle\EventListener\EmailSenderListener::onTerminate". [] []
[2015-10-14 13:15:47] request.INFO: Matched route "my_app_recherche_nom". {"route_parameters":{"_controller":"MyAppBundle\\Controller\\DefaultController::recherche_produit_par_nomAction","_route":"my_app_recherche_nom"},"request_uri":"http://de1466.ispfr.net/BeauteTest/web/recherchenom"} []
[2015-10-14 13:15:47] security.DEBUG: Read existing security token from the session. {"key":"_security_main"} []
[2015-10-14 13:15:47] doctrine.DEBUG: SELECT t0.username AS username_1, t0.username_canonical AS username_canonical_2, t0.email AS email_3, t0.email_canonical AS email_canonical_4, t0.enabled AS enabled_5, t0.salt AS salt_6, t0.password AS password_7, t0.last_login AS last_login_8, t0.locked AS locked_9, t0.expired AS expired_10, t0.expires_at AS expires_at_11, t0.confirmation_token AS confirmation_token_12, t0.password_requested_at AS password_requested_at_13, t0.roles AS roles_14, t0.credentials_expired AS credentials_expired_15, t0.credentials_expire_at AS credentials_expire_at_16, t0.id AS id_17 FROM fos_user t0 WHERE t0.id = ? LIMIT 1 [1] []
[2015-10-14 13:15:47] security.DEBUG: User was reloaded from a user provider. {"username":"admin","provider":"FOS\\UserBundle\\Security\\UserProvider"} []
[2015-10-14 13:15:47] event.DEBUG: Notified event "kernel.request" to listener "Symfony\Component\HttpKernel\EventListener\DebugHandlersListener::configure". [] []
[2015-10-14 13:15:47] event.DEBUG: Notified event "kernel.request" to listener "Symfony\Bundle\FrameworkBundle\EventListener\SessionListener::onKernelRequest". [] []
[2015-10-14 13:15:47] event.DEBUG: Notified event "kernel.request" to listener "Symfony\Component\HttpKernel\EventListener\FragmentListener::onKernelRequest". [] []
[2015-10-14 13:15:47] event.DEBUG: Notified event "kernel.request" to listener "Symfony\Component\HttpKernel\EventListener\RouterListener::onKernelRequest". [] []
[2015-10-14 13:15:47] event.DEBUG: Notified event "kernel.request" to listener "Symfony\Component\HttpKernel\EventListener\LocaleListener::onKernelRequest". [] []
[2015-10-14 13:15:47] event.DEBUG: Notified event "kernel.request" to listener "Symfony\Component\HttpKernel\EventListener\TranslatorListener::onKernelRequest". [] []
[2015-10-14 13:15:47] event.DEBUG: Notified event "kernel.request" to listener "Symfony\Component\Security\Http\Firewall::onKernelRequest". [] []
[2015-10-14 13:15:47] event.DEBUG: Notified event "kernel.controller" to listener "Sensio\Bundle\FrameworkExtraBundle\EventListener\ControllerListener::onKernelController". [] []
[2015-10-14 13:15:47] event.DEBUG: Notified event "kernel.controller" to listener "Sensio\Bundle\FrameworkExtraBundle\EventListener\ParamConverterListener::onKernelController". [] []
[2015-10-14 13:15:47] event.DEBUG: Notified event "kernel.controller" to listener "Sensio\Bundle\FrameworkExtraBundle\EventListener\HttpCacheListener::onKernelController". [] []
[2015-10-14 13:15:47] event.DEBUG: Notified event "kernel.controller" to listener "Sensio\Bundle\FrameworkExtraBundle\EventListener\SecurityListener::onKernelController". [] []
[2015-10-14 13:15:47] event.DEBUG: Notified event "kernel.controller" to listener "Sensio\Bundle\FrameworkExtraBundle\EventListener\TemplateListener::onKernelController". [] []
[2015-10-14 13:15:47] php.INFO: getEntityManager is deprecated since Symfony 2.1. Use getManager instead {"type":16384,"file":"/var/www/vhosts/de1466.ispfr.net/httpdocs/BeauteTest/app/cache/prod/classes.php","line":7471,"level":30719,"stack":[{"function":"handleError","class":"Symfony\\Component\\Debug\\ErrorHandler","type":"->"},{"file":"/var/www/vhosts/de1466.ispfr.net/httpdocs/BeauteTest/app/cache/prod/classes.php","line":7471,"function":"trigger_error"},{"file":"/var/www/vhosts/de1466.ispfr.net/httpdocs/BeauteTest/src/MyAppBundle/Controller/DefaultController.php","line":37,"function":"getEntityManager","class":"Doctrine\\Bundle\\DoctrineBundle\\Registry","type":"->"},{"function":"recherche_produit_par_nomAction","class":"MyAppBundle\\Controller\\DefaultController","type":"->"},{"file":"/var/www/vhosts/de1466.ispfr.net/httpdocs/BeauteTest/app/bootstrap.php.cache","line":3109,"function":"call_user_func_array"},{"file":"/var/www/vhosts/de1466.ispfr.net/httpdocs/BeauteTest/app/bootstrap.php.cache","line":3071,"function":"handleRaw","class":"Symfony\\Component\\HttpKernel\\HttpKernel","type":"->"},{"file":"/var/www/vhosts/de1466.ispfr.net/httpdocs/BeauteTest/app/bootstrap.php.cache","line":3222,"function":"handle","class":"Symfony\\Component\\HttpKernel\\HttpKernel","type":"->"},{"file":"/var/www/vhosts/de1466.ispfr.net/httpdocs/BeauteTest/app/bootstrap.php.cache","line":2444,"function":"handle","class":"Symfony\\Component\\HttpKernel\\DependencyInjection\\ContainerAwareHttpKernel","type":"->"},{"file":"/var/www/vhosts/de1466.ispfr.net/httpdocs/BeauteTest/web/app.php","line":28,"function":"handle","class":"Symfony\\Component\\HttpKernel\\Kernel","type":"->"}]} []
[2015-10-14 13:15:47] doctrine.DEBUG: select * from products   where name like '%%' [] []
[2015-10-14 13:15:48] php.CRITICAL: Fatal Error: Allowed memory size of 134217728 bytes exhausted (tried to allocate 3407872 bytes) {"type":1,"file":"/var/www/vhosts/de1466.ispfr.net/httpdocs/BeauteTest/app/cache/prod/twig/80/8019a4b58ad26605a3679b9532c62c75453fff04ec38a8ef999efaa0b49203ce.php","line":32,"level":6143,"stack":[]} []
[2015-10-14 13:15:48] request.CRITICAL: Uncaught PHP Exception Symfony\Component\Debug\Exception\OutOfMemoryException: "Error: Allowed memory size of 134217728 bytes exhausted (tried to allocate 3407872 bytes)" at /var/www/vhosts/de1466.ispfr.net/httpdocs/BeauteTest/app/cache/prod/twig/80/8019a4b58ad26605a3679b9532c62c75453fff04ec38a8ef999efaa0b49203ce.php line 32 {"exception":"[object] (Symfony\\Component\\Debug\\Exception\\OutOfMemoryException(code: 0): Error: Allowed memory size of 134217728 bytes exhausted (tried to allocate 3407872 bytes) at /var/www/vhosts/de1466.ispfr.net/httpdocs/BeauteTest/app/cache/prod/twig/80/8019a4b58ad26605a3679b9532c62c75453fff04ec38a8ef999efaa0b49203ce.php:32)"} []
[2015-10-14 13:15:48] event.DEBUG: Notified event "kernel.request" to listener "Symfony\Component\HttpKernel\EventListener\DebugHandlersListener::configure". [] []
[2015-10-14 13:15:48] event.DEBUG: Notified event "kernel.request" to listener "Symfony\Bundle\FrameworkBundle\EventListener\SessionListener::onKernelRequest". [] []
[2015-10-14 13:15:48] event.DEBUG: Notified event "kernel.request" to listener "Symfony\Component\HttpKernel\EventListener\FragmentListener::onKernelRequest". [] []
[2015-10-14 13:15:48] event.DEBUG: Notified event "kernel.request" to listener "Symfony\Component\HttpKernel\EventListener\RouterListener::onKernelRequest". [] []
[2015-10-14 13:15:48] event.DEBUG: Notified event "kernel.request" to listener "Symfony\Component\HttpKernel\EventListener\LocaleListener::onKernelRequest". [] []
[2015-10-14 13:15:48] event.DEBUG: Notified event "kernel.request" to listener "Symfony\Component\HttpKernel\EventListener\TranslatorListener::onKernelRequest". [] []
[2015-10-14 13:15:48] event.DEBUG: Notified event "kernel.request" to listener "Symfony\Component\Security\Http\Firewall::onKernelRequest". [] []
[2015-10-14 13:15:48] event.DEBUG: Notified event "kernel.controller" to listener "Sensio\Bundle\FrameworkExtraBundle\EventListener\ControllerListener::onKernelController". [] []
[2015-10-14 13:15:48] event.DEBUG: Notified event "kernel.controller" to listener "Sensio\Bundle\FrameworkExtraBundle\EventListener\ParamConverterListener::onKernelController". [] []
[2015-10-14 13:15:48] event.DEBUG: Notified event "kernel.controller" to listener "Sensio\Bundle\FrameworkExtraBundle\EventListener\HttpCacheListener::onKernelController". [] []
[2015-10-14 13:15:48] event.DEBUG: Notified event "kernel.controller" to listener "Sensio\Bundle\FrameworkExtraBundle\EventListener\SecurityListener::onKernelController". [] []
[2015-10-14 13:15:48] event.DEBUG: Notified event "kernel.controller" to listener "Sensio\Bundle\FrameworkExtraBundle\EventListener\TemplateListener::onKernelController". [] []
[2015-10-14 13:15:48] event.DEBUG: Notified event "kernel.response" to listener "Symfony\Component\Security\Http\Firewall\ContextListener::onKernelResponse". [] []
[2015-10-14 13:15:48] event.DEBUG: Notified event "kernel.response" to listener "Symfony\Component\HttpKernel\EventListener\ResponseListener::onKernelResponse". [] []
[2015-10-14 13:15:48] event.DEBUG: Notified event "kernel.response" to listener "Symfony\Component\Security\Http\RememberMe\ResponseListener::onKernelResponse". [] []
[2015-10-14 13:15:48] event.DEBUG: Notified event "kernel.response" to listener "Sensio\Bundle\FrameworkExtraBundle\EventListener\HttpCacheListener::onKernelResponse". [] []
[2015-10-14 13:15:48] event.DEBUG: Notified event "kernel.response" to listener "Symfony\Component\HttpKernel\EventListener\SaveSessionListener::onKernelResponse". [] []
[2015-10-14 13:15:48] event.DEBUG: Notified event "kernel.response" to listener "Symfony\Component\HttpKernel\EventListener\StreamedResponseListener::onKernelResponse". [] []
[2015-10-14 13:15:48] event.DEBUG: Notified event "kernel.finish_request" to listener "Symfony\Component\HttpKernel\EventListener\LocaleListener::onKernelFinishRequest". [] []
[2015-10-14 13:15:48] event.DEBUG: Notified event "kernel.finish_request" to listener "Symfony\Component\HttpKernel\EventListener\TranslatorListener::onKernelFinishRequest". [] []
[2015-10-14 13:15:48] event.DEBUG: Notified event "kernel.finish_request" to listener "Symfony\Component\HttpKernel\EventListener\RouterListener::onKernelFinishRequest". [] []
[2015-10-14 13:15:48] event.DEBUG: Notified event "kernel.finish_request" to listener "Symfony\Component\Security\Http\Firewall::onKernelFinishRequest". [] []
[2015-10-14 13:15:48] event.DEBUG: Notified event "kernel.exception" to listener "Symfony\Component\Security\Http\Firewall\ExceptionListener::onKernelException". [] []
[2015-10-14 13:15:48] event.DEBUG: Notified event "kernel.exception" to listener "Symfony\Component\HttpKernel\EventListener\ExceptionListener::onKernelException". [] []
[2015-10-14 13:15:48] event.DEBUG: Listener "Symfony\Component\HttpKernel\EventListener\ExceptionListener::onKernelException" stopped propagation of the event "kernel.exception". [] []
[2015-10-14 13:15:48] security.DEBUG: Stored the security token in the session. {"key":"_security_main"} []
[2015-10-14 13:15:48] event.DEBUG: Notified event "kernel.response" to listener "Symfony\Component\HttpKernel\EventListener\ResponseListener::onKernelResponse". [] []
[2015-10-14 13:15:48] event.DEBUG: Notified event "kernel.response" to listener "Symfony\Component\Security\Http\RememberMe\ResponseListener::onKernelResponse". [] []
[2015-10-14 13:15:48] event.DEBUG: Notified event "kernel.response" to listener "Sensio\Bundle\FrameworkExtraBundle\EventListener\HttpCacheListener::onKernelResponse". [] []
[2015-10-14 13:15:48] event.DEBUG: Notified event "kernel.response" to listener "Symfony\Component\HttpKernel\EventListener\SaveSessionListener::onKernelResponse". [] []
[2015-10-14 13:15:48] event.DEBUG: Notified event "kernel.response" to listener "Symfony\Component\HttpKernel\EventListener\StreamedResponseListener::onKernelResponse". [] []
[2015-10-14 13:15:48] event.DEBUG: Notified event "kernel.finish_request" to listener "Symfony\Component\HttpKernel\EventListener\LocaleListener::onKernelFinishRequest". [] []
[2015-10-14 13:15:48] event.DEBUG: Notified event "kernel.finish_request" to listener "Symfony\Component\HttpKernel\EventListener\TranslatorListener::onKernelFinishRequest". [] []
[2015-10-14 13:15:48] event.DEBUG: Notified event "kernel.finish_request" to listener "Symfony\Component\HttpKernel\EventListener\RouterListener::onKernelFinishRequest". [] []
[2015-10-14 13:15:48] event.DEBUG: Notified event "kernel.finish_request" to listener "Symfony\Component\Security\Http\Firewall::onKernelFinishRequest". [] []
